This is LuaTeX, Version 0.95.0 (TeX Live 2016)  (format=lualatex 2016.7.6)  17 AUG 2016 17:22
 restricted system commands enabled.
**results.tex
(./results.tex
LaTeX2e <2016/03/31> patch level 2
Babel <3.9r> and hyphenation patterns for 1 language(s) loaded.
! Undefined control sequence.
l.1 \chapter
          {Esecuzione}
? 
! Interruption.
<to be read again> 
{
l.1 \chapter{
           Esecuzione}
? 

! LaTeX Error: Missing \begin{document}.

See the LaTeX manual or LaTeX Companion for explanation.
Type  H <return>  for immediate help.
 ...                                              
                                                  
l.1 \chapter{E
            secuzione}
? 

Overfull \hbox (20.0pt too wide) in paragraph at lines 1--4
[]Esecuzione
 []


Overfull \hbox (13.79991pt too wide) in paragraph at lines 1--4
\OT1/cmr/m/it/10 10-
 []


Overfull \hbox (15.84436pt too wide) in paragraph at lines 1--4
\OT1/cmr/m/it/10 fold
 []


Overfull \hbox (21.59428pt too wide) in paragraph at lines 1--4
\OT1/cmr/m/it/10 cross
 []


Overfull \hbox (15.84433pt too wide) in paragraph at lines 1--4
\OT1/cmr/m/it/10 val-
 []


Overfull \hbox (6.6444pt too wide) in paragraph at lines 1--4
\OT1/cmr/m/it/10 i-
 []


Overfull \hbox (13.79991pt too wide) in paragraph at lines 1--4
\OT1/cmr/m/it/10 da-
 []


Overfull \hbox (17.12212pt too wide) in paragraph at lines 1--4
\OT1/cmr/m/it/10 tion\nullfont . 
 []

! Undefined control sequence.
l.5 \section
          {Risultati su \texttt{German Credit}}
? 
! Emergency stop.
l.5 \section
          {Risultati su \texttt{German Credit}}
End of file on the terminal!



Here is how much of LuaTeX's memory you used:
 10 strings out of 495118
 100000,89155 words of node,token memory allocated 1330 words of node memory still in use:
   10 hlist, 4 disc, 1 local_par, 1 dir, 35 glue, 1 kern, 6 penalty, 115 glyph, 
32 glue_spec, 1 write nodes
   avail lists: 2:12,4:15,5:3,7:22,8:1,10:14
 3675 multiletter control sequences out of 65536+600000
 15 fonts using 632831 bytes
 13i,1n,10p,139b,67s stack positions out of 5000i,500n,10000p,200000b,100000s
!  ==> Fatal error occurred, no output PDF file produced!
